<?xml version="1.0" encoding="UTF-8"?>
<!-- Generated by org.testng.reporters.JUnitReportReporter -->
<testsuite skipped="0" hostname="DESKTOP-KGOTE46" name="medhok.testCases.HomePageTest" tests="9" failures="0" timestamp="14 Jun 2018 15:54:36 GMT" time="297.301" errors="0">
  <testcase name="logoTest" time="18.468" classname="medhok.testCases.HomePageTest"/>
  <testcase name="linkTest" time="20.760" classname="medhok.testCases.HomePageTest"/>
  <testcase name="dropdownTest" time="17.738" classname="medhok.testCases.HomePageTest"/>
  <testcase name="contactusTest" time="33.350" classname="medhok.testCases.HomePageTest"/>
  <testcase name="managementteamMenuTest" time="35.705" classname="medhok.testCases.HomePageTest"/>
  <testcase name="certificationsMenuTest" time="106.538" classname="medhok.testCases.HomePageTest"/>
  <testcase name="cultureMenuTest" time="24.276" classname="medhok.testCases.HomePageTest"/>
  <testcase name="careersMenuTest" time="20.592" classname="medhok.testCases.HomePageTest"/>
  <testcase name="serviceTermsMenuTest" time="19.874" classname="medhok.testCases.HomePageTest"/>
</testsuite> <!-- medhok.testCases.HomePageTest -->
